<?xml version="1.0" encoding="UTF-8"?>
<testng-results ignored="0" total="1" passed="1" failed="0" skipped="0">
  <reporter-output>
  </reporter-output>
  <suite started-at="2023-10-30T18:12:23 IST" name="Default suite" finished-at="2023-10-30T18:12:39 IST" duration-ms="16301">
    <groups>
    </groups>
    <test started-at="2023-10-30T18:12:23 IST" name="Default test" finished-at="2023-10-30T18:12:39 IST" duration-ms="16301">
      <class name="Tests.Autoprojecttests">
        <test-method is-config="true" signature="setup()[pri:0, instance:Tests.Autoprojecttests@2d3379b4]" started-at="2023-10-30T18:12:23 IST" name="setup" finished-at="2023-10-30T18:12:26 IST" duration-ms="3534" status="PASS">
          <reporter-output>
          </reporter-output>
        </test-method> <!-- setup -->
        <test-method is-config="true" signature="url()[pri:0, instance:Tests.Autoprojecttests@2d3379b4]" started-at="2023-10-30T18:12:26 IST" name="url" finished-at="2023-10-30T18:12:27 IST" duration-ms="408" status="PASS">
          <reporter-output>
          </reporter-output>
        </test-method> <!-- url -->
        <test-method signature="test()[pri:0, instance:Tests.Autoprojecttests@2d3379b4]" started-at="2023-10-30T18:12:27 IST" name="test" finished-at="2023-10-30T18:12:39 IST" duration-ms="12268" status="PASS">
          <reporter-output>
          </reporter-output>
        </test-method> <!-- test -->
      </class> <!-- Tests.Autoprojecttests -->
    </test> <!-- Default test -->
  </suite> <!-- Default suite -->
</testng-results>
